[13268:13132:1007/102632.290:WARNING:chrome_main_delegate.cc(747)] This is Chrome version 129.0.6668.90 (not a warning)
[13268:13132:1007/102632.384:INFO:chrome_browser_cloud_management_controller.cc(196)] No machine level policy manager exists.
[10588:2444:1007/102632.837:WARNING:viz_main_impl.cc(85)] VizNullHypothesis is disabled (not a warning)
[5292:19528:1007/102633.382:WARNING:spdy_session.cc(2975)] Received HEADERS for invalid stream 1
[5292:19528:1007/102633.382:WARNING:spdy_session.cc(2975)] Received HEADERS for invalid stream 3
[5292:19528:1007/102633.384:WARNING:spdy_session.cc(2975)] Received HEADERS for invalid stream 5
[13268:13132:1007/102633.435:INFO:CONSOLE(123)] "Event handler of 'x-storagemutated-1' event must be added on the initial evaluation of worker script.", source: https://static.whatsapp.net/rsrc.php/v3/ye/r/uil9eIBKh2D.js (123)
[13268:13132:1007/102643.892:INFO:CONSOLE(343)] "WAWebLoggerWorker initialized", source: https://static.whatsapp.net/rsrc.php/v3/yN/r/EDsutU_TuaZ.js (343)
[13268:13132:1007/102643.894:INFO:CONSOLE(343)] "[storage] start setSchemaVersions from fts worker interface", source: https://static.whatsapp.net/rsrc.php/v3/yN/r/EDsutU_TuaZ.js (343)
[13268:13132:1007/102643.894:INFO:CONSOLE(343)] "[storage] set schema versions: [model-storage,159,fts-storage,8,jobs-storage,1,lru-media-storage-idb,2,offd-storage,4,qpl-storage,0,signal-storage,6,worker-storage,1,sw,2,wawc,14,wawc_db_enc,2]. is worker? true", source: https://static.whatsapp.net/rsrc.php/v3/yN/r/EDsutU_TuaZ.js (343)
[13268:13132:1007/102703.101:INFO:CONSOLE(343)] "FTS:Delegate: start indexer", source: https://static.whatsapp.net/rsrc.php/v3/yN/r/EDsutU_TuaZ.js (343)
[13268:13132:1007/102703.101:INFO:CONSOLE(343)] "FTS:Delegate: start perform init", source: https://static.whatsapp.net/rsrc.php/v3/yN/r/EDsutU_TuaZ.js (343)
[13268:13132:1007/102703.101:INFO:CONSOLE(343)] "FTS:Delegate: schema versions ready", source: https://static.whatsapp.net/rsrc.php/v3/yN/r/EDsutU_TuaZ.js (343)
[13268:13132:1007/102703.101:INFO:CONSOLE(343)] "FTS:Delegate: before db initialization", source: https://static.whatsapp.net/rsrc.php/v3/yN/r/EDsutU_TuaZ.js (343)
[13268:13132:1007/102703.103:INFO:CONSOLE(343)] "[storage] applying schema versions from [0 to 8] for the database: 'fts-storage'", source: https://static.whatsapp.net/rsrc.php/v3/yN/r/EDsutU_TuaZ.js (343)
[13268:13132:1007/102703.167:INFO:CONSOLE(343)] "[storage] applying schema versions from [0 to 159] for the database: 'model-storage'", source: https://static.whatsapp.net/rsrc.php/v3/yN/r/EDsutU_TuaZ.js (343)
[13268:13132:1007/102704.465:INFO:CONSOLE(71)] "ErrorUtils caught an error:

Converting to a string will drop content data. Hash="undefined" Translation="{user_name} salió del grupo." Content="{"key":null,"ref":null,"props":{"contact":{"id":"5492615749644@c.us","name":"??","shortName":"","type":"in","isBusiness":false,"isEnterprise":false,"isSmb":false,"labels":[],"isContactSyncCompleted":0,"textStatusLastUpdateTime":-1,"syncToAddressbook"" (type=object,Object)

Subsequent non-fatal errors won't be logged; see https://fburl.com/debugjs.", source: https://static.whatsapp.net/rsrc.php/v3/yf/r/9d7M9_-wAcd.js (71)
[13268:13132:1007/102704.824:INFO:CONSOLE(343)] "FTS:Delegate: after db initialization", source: https://static.whatsapp.net/rsrc.php/v3/yN/r/EDsutU_TuaZ.js (343)
[13268:13132:1007/102704.839:INFO:CONSOLE(343)] "FTS:Manifest Writer: Set current version to ['3.1', '1']", source: https://static.whatsapp.net/rsrc.php/v3/yN/r/EDsutU_TuaZ.js (343)
[13268:13132:1007/102704.839:INFO:CONSOLE(343)] "FTS:Delegate: Inited", source: https://static.whatsapp.net/rsrc.php/v3/yN/r/EDsutU_TuaZ.js (343)
[13268:13132:1007/102704.839:INFO:CONSOLE(343)] "FTS:Delegate: Init indexing ops", source: https://static.whatsapp.net/rsrc.php/v3/yN/r/EDsutU_TuaZ.js (343)
[13268:13132:1007/102704.839:INFO:CONSOLE(343)] "FTS:Indexer:indexQueuedBatch: Starting new batch size : 1000", source: https://static.whatsapp.net/rsrc.php/v3/yN/r/EDsutU_TuaZ.js (343)
[13268:13132:1007/102704.864:INFO:CONSOLE(343)] "Current message batch is from entry 0 of 35...", source: https://static.whatsapp.net/rsrc.php/v3/yN/r/EDsutU_TuaZ.js (343)
[13268:13132:1007/102706.274:INFO:CONSOLE(343)] "Finished batch from entry 0 of 35. (Took 1431.5 msec)", source: https://static.whatsapp.net/rsrc.php/v3/yN/r/EDsutU_TuaZ.js (343)
[13268:13132:1007/102706.399:INFO:CONSOLE(343)] "FTS:Indexer:indexQueuedBatch: Completed batch", source: https://static.whatsapp.net/rsrc.php/v3/yN/r/EDsutU_TuaZ.js (343)
[13268:13132:1007/102706.415:INFO:CONSOLE(343)] "FTS:Indexer:indexQueuedBatch: Completed", source: https://static.whatsapp.net/rsrc.php/v3/yN/r/EDsutU_TuaZ.js (343)
[13268:13132:1007/102713.236:INFO:CONSOLE(343)] "FTS:Indexer:indexQueuedBatch: Starting new batch size : 1000", source: https://static.whatsapp.net/rsrc.php/v3/yN/r/EDsutU_TuaZ.js (343)
[13268:13132:1007/102714.360:INFO:CONSOLE(343)] "FTS:Indexer:indexQueuedBatch: Completed batch", source: https://static.whatsapp.net/rsrc.php/v3/yN/r/EDsutU_TuaZ.js (343)
[13268:13132:1007/102714.360:INFO:CONSOLE(343)] "FTS:Indexer:indexQueuedBatch: Completed", source: https://static.whatsapp.net/rsrc.php/v3/yN/r/EDsutU_TuaZ.js (343)
[6152:12328:1007/102832.789:WARNING:viz_main_impl.cc(85)] VizNullHypothesis is disabled (not a warning)
[13268:13132:1007/102932.561:INFO:CONSOLE(343)] "FTS:Indexer:indexQueuedBatch: Starting new batch size : 1000", source: https://static.whatsapp.net/rsrc.php/v3/yN/r/EDsutU_TuaZ.js (343)
[13268:13132:1007/102932.591:INFO:CONSOLE(343)] "FTS:Indexer:indexQueuedBatch: Completed batch", source: https://static.whatsapp.net/rsrc.php/v3/yN/r/EDsutU_TuaZ.js (343)
[13268:13132:1007/102932.594:INFO:CONSOLE(343)] "FTS:Indexer:indexQueuedBatch: Completed", source: https://static.whatsapp.net/rsrc.php/v3/yN/r/EDsutU_TuaZ.js (343)
[13268:13132:1007/102942.137:INFO:CONSOLE(343)] "FTS:Indexer:indexQueuedBatch: Starting new batch size : 1000", source: https://static.whatsapp.net/rsrc.php/v3/yN/r/EDsutU_TuaZ.js (343)
[13268:13132:1007/102942.194:INFO:CONSOLE(343)] "FTS:Indexer:indexQueuedBatch: Completed batch", source: https://static.whatsapp.net/rsrc.php/v3/yN/r/EDsutU_TuaZ.js (343)
[13268:13132:1007/102942.204:INFO:CONSOLE(343)] "FTS:Indexer:indexQueuedBatch: Completed", source: https://static.whatsapp.net/rsrc.php/v3/yN/r/EDsutU_TuaZ.js (343)
[13268:13132:1007/102955.008:INFO:CONSOLE(343)] "FTS:Indexer:indexQueuedBatch: Starting new batch size : 1000", source: https://static.whatsapp.net/rsrc.php/v3/yN/r/EDsutU_TuaZ.js (343)
[13268:13132:1007/102955.050:INFO:CONSOLE(343)] "FTS:Indexer:indexQueuedBatch: Completed batch", source: https://static.whatsapp.net/rsrc.php/v3/yN/r/EDsutU_TuaZ.js (343)
[13268:13132:1007/102955.052:INFO:CONSOLE(343)] "FTS:Indexer:indexQueuedBatch: Completed", source: https://static.whatsapp.net/rsrc.php/v3/yN/r/EDsutU_TuaZ.js (343)
[13268:13132:1007/103449.581:INFO:CONSOLE(343)] "FTS:Indexer:indexQueuedBatch: Starting new batch size : 1000", source: https://static.whatsapp.net/rsrc.php/v3/yN/r/EDsutU_TuaZ.js (343)
[13268:13132:1007/103449.645:INFO:CONSOLE(343)] "FTS:Indexer:indexQueuedBatch: Completed batch", source: https://static.whatsapp.net/rsrc.php/v3/yN/r/EDsutU_TuaZ.js (343)
[13268:13132:1007/103449.645:INFO:CONSOLE(343)] "FTS:Indexer:indexQueuedBatch: Completed", source: https://static.whatsapp.net/rsrc.php/v3/yN/r/EDsutU_TuaZ.js (343)
[13268:13132:1007/104007.566:INFO:CONSOLE(343)] "FTS:Indexer:indexQueuedBatch: Starting new batch size : 1000", source: https://static.whatsapp.net/rsrc.php/v3/yN/r/EDsutU_TuaZ.js (343)
[13268:13132:1007/104008.549:INFO:CONSOLE(343)] "FTS:Indexer:indexQueuedBatch: Completed batch", source: https://static.whatsapp.net/rsrc.php/v3/yN/r/EDsutU_TuaZ.js (343)
[13268:13132:1007/104008.551:INFO:CONSOLE(343)] "FTS:Indexer:indexQueuedBatch: Completed", source: https://static.whatsapp.net/rsrc.php/v3/yN/r/EDsutU_TuaZ.js (343)
[13268:13132:1007/104525.296:INFO:CONSOLE(343)] "FTS:Indexer:indexQueuedBatch: Starting new batch size : 1000", source: https://static.whatsapp.net/rsrc.php/v3/yN/r/EDsutU_TuaZ.js (343)
[13268:13132:1007/104525.296:INFO:CONSOLE(343)] "FTS:Indexer:indexQueuedBatch: Completed batch", source: https://static.whatsapp.net/rsrc.php/v3/yN/r/EDsutU_TuaZ.js (343)
[13268:13132:1007/104525.296:INFO:CONSOLE(343)] "FTS:Indexer:indexQueuedBatch: Completed", source: https://static.whatsapp.net/rsrc.php/v3/yN/r/EDsutU_TuaZ.js (343)
[13268:13132:1007/105413.779:INFO:CONSOLE(343)] "FTS:Indexer:indexQueuedBatch: Starting new batch size : 1000", source: https://static.whatsapp.net/rsrc.php/v3/yN/r/EDsutU_TuaZ.js (343)
[13268:13132:1007/105413.812:INFO:CONSOLE(343)] "FTS:Indexer:indexQueuedBatch: Completed batch", source: https://static.whatsapp.net/rsrc.php/v3/yN/r/EDsutU_TuaZ.js (343)
[13268:13132:1007/105413.813:INFO:CONSOLE(343)] "FTS:Indexer:indexQueuedBatch: Completed", source: https://static.whatsapp.net/rsrc.php/v3/yN/r/EDsutU_TuaZ.js (343)
[13268:13132:1007/105437.016:INFO:CONSOLE(343)] "FTS:Indexer:indexQueuedBatch: Starting new batch size : 1000", source: https://static.whatsapp.net/rsrc.php/v3/yN/r/EDsutU_TuaZ.js (343)
[13268:13132:1007/105437.041:INFO:CONSOLE(343)] "FTS:Indexer:indexQueuedBatch: Completed batch", source: https://static.whatsapp.net/rsrc.php/v3/yN/r/EDsutU_TuaZ.js (343)
[13268:13132:1007/105437.041:INFO:CONSOLE(343)] "FTS:Indexer:indexQueuedBatch: Completed", source: https://static.whatsapp.net/rsrc.php/v3/yN/r/EDsutU_TuaZ.js (343)
[13268:13132:1007/105539.325:INFO:CONSOLE(343)] "FTS:Indexer:indexQueuedBatch: Starting new batch size : 1000", source: https://static.whatsapp.net/rsrc.php/v3/yN/r/EDsutU_TuaZ.js (343)
[13268:13132:1007/105539.341:INFO:CONSOLE(343)] "FTS:Indexer:indexQueuedBatch: Completed batch", source: https://static.whatsapp.net/rsrc.php/v3/yN/r/EDsutU_TuaZ.js (343)
[13268:13132:1007/105539.341:INFO:CONSOLE(343)] "FTS:Indexer:indexQueuedBatch: Completed", source: https://static.whatsapp.net/rsrc.php/v3/yN/r/EDsutU_TuaZ.js (343)
[13268:13132:1007/110053.632:INFO:CONSOLE(343)] "FTS:Indexer:indexQueuedBatch: Starting new batch size : 1000", source: https://static.whatsapp.net/rsrc.php/v3/yN/r/EDsutU_TuaZ.js (343)
[13268:13132:1007/110053.632:INFO:CONSOLE(343)] "FTS:Indexer:indexQueuedBatch: Completed batch", source: https://static.whatsapp.net/rsrc.php/v3/yN/r/EDsutU_TuaZ.js (343)
[13268:13132:1007/110053.633:INFO:CONSOLE(343)] "FTS:Indexer:indexQueuedBatch: Completed", source: https://static.whatsapp.net/rsrc.php/v3/yN/r/EDsutU_TuaZ.js (343)
