[12636:7012:1007/112129.578:WARNING:chrome_main_delegate.cc(747)] This is Chrome version 129.0.6668.90 (not a warning)
[12636:7012:1007/112129.643:INFO:chrome_browser_cloud_management_controller.cc(196)] No machine level policy manager exists.
[6028:2300:1007/112130.091:WARNING:viz_main_impl.cc(85)] VizNullHypothesis is disabled (not a warning)
[12636:7012:1007/112130.654:INFO:CONSOLE(123)] "Event handler of 'x-storagemutated-1' event must be added on the initial evaluation of worker script.", source: https://static.whatsapp.net/rsrc.php/v3/yk/r/4nFqvg3029s.js (123)
[12636:7012:1007/112133.660:INFO:CONSOLE(343)] "WAWebLoggerWorker initialized", source: https://static.whatsapp.net/rsrc.php/v3/yN/r/EDsutU_TuaZ.js (343)
[12636:7012:1007/112133.677:INFO:CONSOLE(343)] "[storage] start setSchemaVersions from fts worker interface", source: https://static.whatsapp.net/rsrc.php/v3/yN/r/EDsutU_TuaZ.js (343)
[12636:7012:1007/112133.677:INFO:CONSOLE(343)] "[storage] set schema versions: [model-storage,159,fts-storage,8,jobs-storage,1,lru-media-storage-idb,2,offd-storage,4,qpl-storage,0,signal-storage,6,worker-storage,1,sw,2,wawc,14,wawc_db_enc,2]. is worker? true", source: https://static.whatsapp.net/rsrc.php/v3/yN/r/EDsutU_TuaZ.js (343)
[12636:7012:1007/112135.091:INFO:CONSOLE(343)] "FTS:Delegate: start indexer", source: https://static.whatsapp.net/rsrc.php/v3/yN/r/EDsutU_TuaZ.js (343)
[12636:7012:1007/112135.091:INFO:CONSOLE(343)] "FTS:Delegate: start perform init", source: https://static.whatsapp.net/rsrc.php/v3/yN/r/EDsutU_TuaZ.js (343)
[12636:7012:1007/112135.091:INFO:CONSOLE(343)] "FTS:Delegate: schema versions ready", source: https://static.whatsapp.net/rsrc.php/v3/yN/r/EDsutU_TuaZ.js (343)
[12636:7012:1007/112135.091:INFO:CONSOLE(343)] "FTS:Delegate: before db initialization", source: https://static.whatsapp.net/rsrc.php/v3/yN/r/EDsutU_TuaZ.js (343)
[12636:7012:1007/112135.091:INFO:CONSOLE(343)] "[storage] applying schema versions from [0 to 8] for the database: 'fts-storage'", source: https://static.whatsapp.net/rsrc.php/v3/yN/r/EDsutU_TuaZ.js (343)
[12636:7012:1007/112135.138:INFO:CONSOLE(343)] "[storage] applying schema versions from [0 to 159] for the database: 'model-storage'", source: https://static.whatsapp.net/rsrc.php/v3/yN/r/EDsutU_TuaZ.js (343)
[12636:7012:1007/112136.585:INFO:CONSOLE(343)] "FTS:Delegate: after db initialization", source: https://static.whatsapp.net/rsrc.php/v3/yN/r/EDsutU_TuaZ.js (343)
[12636:7012:1007/112136.590:INFO:CONSOLE(343)] "FTS:Manifest Writer: No changes made, current:['3.1', '1'], latest:['3.1', '1']", source: https://static.whatsapp.net/rsrc.php/v3/yN/r/EDsutU_TuaZ.js (343)
[12636:7012:1007/112136.590:INFO:CONSOLE(343)] "FTS:Delegate: Inited", source: https://static.whatsapp.net/rsrc.php/v3/yN/r/EDsutU_TuaZ.js (343)
[12636:7012:1007/112136.590:INFO:CONSOLE(343)] "FTS:Delegate: Init indexing ops", source: https://static.whatsapp.net/rsrc.php/v3/yN/r/EDsutU_TuaZ.js (343)
[12636:7012:1007/112136.592:INFO:CONSOLE(343)] "FTS:Indexer:indexQueuedBatch: Starting new batch size : 1000", source: https://static.whatsapp.net/rsrc.php/v3/yN/r/EDsutU_TuaZ.js (343)
[12636:7012:1007/112136.592:INFO:CONSOLE(343)] "FTS:Indexer:indexQueuedBatch: Completed", source: https://static.whatsapp.net/rsrc.php/v3/yN/r/EDsutU_TuaZ.js (343)
[3424:19248:1007/112330.034:WARNING:viz_main_impl.cc(85)] VizNullHypothesis is disabled (not a warning)
